<?xml version="1.0" encoding="UTF-8" ?>
<testsuite tests="19" failures="0" name="com.acme.credvarejo.cliente.ClienteTest" time="0.007" errors="0" skipped="0">
  <properties>
    <property name="jansi.mode" value="strip"/>
    <property name="java.runtime.name" value="Java(TM) SE Runtime Environment"/>
    <property name="java.vm.version" value="17.0.3.1+2-LTS-6"/>
    <property name="sun.boot.library.path" value="C:\Program Files\Java\jdk-17.0.3.1\bin"/>
    <property name="maven.multiModuleProjectDirectory" value="C:\Users\Samuel\eclipse-workspace\credvarejo"/>
    <property name="java.vm.vendor" value="Oracle Corporation"/>
    <property name="java.vendor.url" value="https://java.oracle.com/"/>
    <property name="guice.disable.misplaced.annotation.check" value="true"/>
    <property name="path.separator" value=";"/>
    <property name="java.vm.name" value="Java HotSpot(TM) 64-Bit Server VM"/>
    <property name="sun.os.patch.level" value=""/>
    <property name="user.script" value=""/>
    <property name="user.country" value="BR"/>
    <property name="sun.java.launcher" value="SUN_STANDARD"/>
    <property name="java.vm.specification.name" value="Java Virtual Machine Specification"/>
    <property name="user.dir" value="C:\Users\Samuel\eclipse-workspace\credvarejo"/>
    <property name="java.vm.compressedOopsMode" value="Zero based"/>
    <property name="java.runtime.version" value="17.0.3.1+2-LTS-6"/>
    <property name="os.arch" value="amd64"/>
    <property name="java.io.tmpdir" value="C:\Users\Samuel\AppData\Local\Temp\"/>
    <property name="line.separator" value="
"/>
    <property name="java.vm.specification.vendor" value="Oracle Corporation"/>
    <property name="user.variant" value=""/>
    <property name="os.name" value="Windows 11"/>
    <property name="classworlds.conf" value="C:\Users\Samuel\eclipse-workspace\.metadata\.plugins\org.eclipse.m2e.launching\launches\m2conf5093332200885406853.tmp"/>
    <property name="sun.jnu.encoding" value="Cp1252"/>
    <property name="java.library.path" value="C:\Program Files\Java\jdk-17.0.3.1\bin;C:\WINDOWS\Sun\Java\bin;C:\WINDOWS\system32;C:\WINDOWS;C:/Program Files/Java/jdk-17.0.3.1/bin/server;C:/Program Files/Java/jdk-17.0.3.1/bin;C:\Program Files\Common Files\Oracle\Java\javapath;C:\Windows\system32;C:\Windows;C:\Windows\System32\Wbem;C:\Windows\System32\WindowsPowerShell\v1.0\;C:\Windows\System32\OpenSSH\;C:\Program Files (x86)\NVIDIA Corporation\PhysX\Common;C:\Program Files\NVIDIA Corporation\NVIDIA NvDLISR;C:\WINDOWS\system32;C:\WINDOWS;C:\WINDOWS\System32\Wbem;C:\WINDOWS\System32\WindowsPowerShell\v1.0\;C:\WINDOWS\System32\OpenSSH\;C:\Program Files\Git\cmd;C:\flutter\bin;C:\Program Files\dotnet\;C:\Program Files\Azure Data Studio\bin;C:\Program Files\Microsoft SQL Server\150\Tools\Binn\;C:\Program Files\Microsoft SQL Server\Client SDK\ODBC\170\Tools\Binn\;C:\Program Files (x86)\Microsoft SQL Server\150\DTS\Binn\;C:\Program Files\nodejs\;C:\Users\Samuel\AppData\Local\Microsoft\WindowsApps;C:\Users\Samuel\AppData\Local\Programs\Microsoft VS Code\bin;C:\Users\Samuel\.dotnet\tools;C:\Program Files\Azure Data Studio\bin;C:\Program Files\JetBrains\PyCharm Community Edition 2022.2\bin;;C:\Users\Samuel\AppData\Roaming\npm;C:\Program Files\heroku\bin;C:\WINDOWS\system32;;."/>
    <property name="jdk.debug" value="release"/>
    <property name="java.class.version" value="61.0"/>
    <property name="java.specification.name" value="Java Platform API Specification"/>
    <property name="sun.management.compiler" value="HotSpot 64-Bit Tiered Compilers"/>
    <property name="os.version" value="10.0"/>
    <property name="user.home" value="C:\Users\Samuel"/>
    <property name="user.timezone" value="America/Sao_Paulo"/>
    <property name="file.encoding" value="UTF-8"/>
    <property name="java.specification.version" value="17"/>
    <property name="user.name" value="Samuel"/>
    <property name="java.class.path" value="C:\Users\Samuel\.p2\pool\plugins\org.eclipse.m2e.maven.runtime_1.18.3.20220227-1319\jars\plexus-classworlds-2.6.0.jar"/>
    <property name="java.vm.specification.version" value="17"/>
    <property name="sun.arch.data.model" value="64"/>
    <property name="sun.java.command" value="org.codehaus.plexus.classworlds.launcher.Launcher -B test"/>
    <property name="java.home" value="C:\Program Files\Java\jdk-17.0.3.1"/>
    <property name="user.language" value="pt"/>
    <property name="java.specification.vendor" value="Oracle Corporation"/>
    <property name="java.vm.info" value="mixed mode, sharing"/>
    <property name="java.version" value="17.0.3.1"/>
    <property name="native.encoding" value="Cp1252"/>
    <property name="java.vendor" value="Oracle Corporation"/>
    <property name="maven.home" value="C:\Users\Samuel\eclipse-workspace\credvarejo\EMBEDDED"/>
    <property name="file.separator" value="\"/>
    <property name="java.version.date" value="2022-04-22"/>
    <property name="java.vendor.url.bug" value="https://bugreport.java.com/bugreport/"/>
    <property name="sun.io.unicode.encoding" value="UnicodeLittle"/>
    <property name="sun.cpu.endian" value="little"/>
    <property name="sun.cpu.isalist" value="amd64"/>
  </properties>
  <testcase classname="com.acme.credvarejo.cliente.ClienteTest" name="testGetChave" time="0.004"/>
  <testcase classname="com.acme.credvarejo.cliente.ClienteTest" name="testGetIdade" time="0"/>
  <testcase classname="com.acme.credvarejo.cliente.ClienteTest" name="testGetRenda" time="0"/>
  <testcase classname="com.acme.credvarejo.cliente.ClienteTest" name="testGetPrimeiroNome" time="0"/>
  <testcase classname="com.acme.credvarejo.cliente.ClienteTest" name="testGetMasc" time="0.001"/>
  <testcase classname="com.acme.credvarejo.cliente.ClienteTest" name="testGetNome" time="0"/>
  <testcase classname="com.acme.credvarejo.cliente.ClienteTest" name="testGetSexo" time="0"/>
  <testcase classname="com.acme.credvarejo.cliente.ClienteTest" name="testValidar" time="0"/>
  <testcase classname="com.acme.credvarejo.cliente.ClienteTest" name="testGetClienteDesde" time="0"/>
  <testcase classname="com.acme.credvarejo.cliente.ClienteTest" name="testGravaNomeCompleto" time="0"/>
  <testcase classname="com.acme.credvarejo.cliente.ClienteTest" name="testGetCpf" time="0.001"/>
  <testcase classname="com.acme.credvarejo.cliente.ClienteTest" name="testGetFem" time="0"/>
  <testcase classname="com.acme.credvarejo.cliente.ClienteTest" name="testSetClienteDesde" time="0"/>
  <testcase classname="com.acme.credvarejo.cliente.ClienteTest" name="testSetNome" time="0"/>
  <testcase classname="com.acme.credvarejo.cliente.ClienteTest" name="testSetSexo" time="0"/>
  <testcase classname="com.acme.credvarejo.cliente.ClienteTest" name="testGetSegundoNome" time="0"/>
  <testcase classname="com.acme.credvarejo.cliente.ClienteTest" name="testSetCpf" time="0"/>
  <testcase classname="com.acme.credvarejo.cliente.ClienteTest" name="testSetIdade" time="0"/>
  <testcase classname="com.acme.credvarejo.cliente.ClienteTest" name="testSetRenda" time="0.001"/>
</testsuite>